[23May2025 00:06:42.416] [Server thread/INFO] [net.minecraft.server.MinecraftServer/]: Jaacquie has made the advancement [The Silence of the Forest]
[23May2025 00:06:49.788] [Server thread/WARN] [net.minecraft.server.network.ServerGamePacketListenerImpl/]: pablito moved too quickly! -8342.993795361383,59.07840000152588,3235.9631214604265
[23May2025 00:06:50.067] [Server thread/WARN] [net.minecraft.server.MinecraftServer/]: Can't keep up! Is the server overloaded? Running 2103ms or 42 ticks behind
[23May2025 00:15:54.341] [Server thread/INFO] [net.minecraft.server.MinecraftServer/]: pablito was slain by Skeleton Druid
[23May2025 00:15:54.377] [Server thread/INFO] [tombstone/]: The player pablito has successfully been saved
[23May2025 00:16:01.269] [Server thread/INFO] [net.minecraft.server.MinecraftServer/]: Jaacquie was slain by Swarm Spider
[23May2025 00:16:01.285] [Server thread/INFO] [tombstone/]: The player Jaacquie has successfully been saved
[23May2025 00:16:05.827] [Server thread/INFO] [net.minecraft.server.MinecraftServer/]: [pablito: Teleported pablito to Jaacquie]
[23May2025 00:16:14.926] [Server thread/INFO] [net.minecraft.server.MinecraftServer/]: pablito was shot by Skeleton
[23May2025 00:16:14.974] [Server thread/INFO] [tombstone/]: The player pablito has successfully been saved
[23May2025 00:16:18.610] [Server thread/WARN] [net.minecraft.server.MinecraftServer/]: Can't keep up! Is the server overloaded? Running 2046ms or 40 ticks behind
[23May2025 00:16:18.887] [Server thread/INFO] [net.minecraft.server.MinecraftServer/]: [pablito: Teleported pablito to Jaacquie]
[23May2025 00:16:40.338] [Server thread/INFO] [net.minecraft.server.MinecraftServer/]: [pablito: The difficulty has been set to Peaceful]
[23May2025 00:16:44.220] [Server thread/INFO] [net.minecraft.server.MinecraftServer/]: [pablito: Teleported pablito to Jaacquie]
[23May2025 00:16:52.231] [Server thread/INFO] [net.minecraft.server.MinecraftServer/]: [pablito: Teleported Jaacquie to pablito]
[23May2025 00:16:59.399] [Server thread/INFO] [net.minecraft.server.MinecraftServer/]: [pablito: The difficulty has been set to Hard]
[23May2025 00:21:08.559] [Server thread/INFO] [net.minecraft.server.MinecraftServer/]: pablito has completed the challenge [Overkill]
[23May2025 00:23:30.788] [Server thread/INFO] [net.minecraft.server.MinecraftServer/]: pablito was pummeled by Slime Beetle
[23May2025 00:23:30.796] [Server thread/INFO] [tombstone/]: The player pablito has successfully been saved
[23May2025 00:23:36.286] [Server thread/INFO] [net.minecraft.server.MinecraftServer/]: [pablito: Teleported pablito to Jaacquie]
[23May2025 00:23:47.237] [Server thread/INFO] [net.minecraft.server.MinecraftServer/]: Jaacquie was slain by Kobold
[23May2025 00:23:47.250] [Server thread/INFO] [tombstone/]: The player Jaacquie has successfully been saved
[23May2025 00:23:50.488] [Server thread/INFO] [net.minecraft.server.MinecraftServer/]: pablito was shot by Skeleton
[23May2025 00:23:50.496] [Server thread/INFO] [tombstone/]: The player pablito has successfully been saved
[23May2025 00:23:55.866] [Server thread/INFO] [net.minecraft.server.MinecraftServer/]: [pablito: Teleported pablito to Jaacquie]
[23May2025 00:24:52.638] [Server thread/INFO] [net.minecraft.server.MinecraftServer/]: [pablito: Teleported Jaacquie to pablito]
[23May2025 00:25:41.137] [Server thread/INFO] [net.minecraft.server.MinecraftServer/]: pablito was killed by Witch using magic
[23May2025 00:25:41.147] [Server thread/INFO] [tombstone/]: The player pablito has successfully been saved
[23May2025 00:25:47.270] [Server thread/INFO] [net.minecraft.server.MinecraftServer/]: [pablito: Teleported pablito to Jaacquie]
[23May2025 00:26:19.397] [Server thread/INFO] [net.minecraft.server.MinecraftServer/]: pablito was shot by Skeleton
[23May2025 00:26:19.404] [Server thread/INFO] [tombstone/]: The player pablito has successfully been saved
[23May2025 00:26:22.654] [Server thread/INFO] [net.minecraft.server.MinecraftServer/]: [pablito: Teleported pablito to Jaacquie]
[23May2025 00:26:35.856] [Server thread/WARN] [net.minecraft.server.MinecraftServer/]: Can't keep up! Is the server overloaded? Running 6493ms or 129 ticks behind
[23May2025 00:26:53.698] [Server thread/WARN] [net.minecraft.server.MinecraftServer/]: Can't keep up! Is the server overloaded? Running 2884ms or 57 ticks behind
[23May2025 00:27:16.780] [Server thread/INFO] [net.minecraft.server.MinecraftServer/]: pablito was blown up by Creeper
[23May2025 00:27:16.804] [Server thread/INFO] [tombstone/]: The player pablito has successfully been saved
[23May2025 00:27:20.333] [Server thread/INFO] [net.minecraft.server.MinecraftServer/]: [pablito: Teleported pablito to Jaacquie]
[23May2025 00:27:59.474] [Server thread/INFO] [net.minecraft.server.MinecraftServer/]: pablito was slain by Redcap
[23May2025 00:27:59.496] [Server thread/INFO] [tombstone/]: The player pablito has successfully been saved
[23May2025 00:28:00.941] [Server thread/INFO] [net.minecraft.server.MinecraftServer/]: Jaacquie was shot by Skeleton
[23May2025 00:28:00.959] [Server thread/INFO] [tombstone/]: The player Jaacquie has successfully been saved
[23May2025 00:28:02.665] [Server thread/INFO] [net.minecraft.server.MinecraftServer/]: [pablito: Teleported pablito to Jaacquie]
[23May2025 00:28:06.832] [Server thread/WARN] [net.minecraft.server.MinecraftServer/]: Can't keep up! Is the server overloaded? Running 2018ms or 40 ticks behind
[23May2025 00:28:11.956] [Server thread/INFO] [net.minecraft.server.MinecraftServer/]: pablito has made the advancement [Isn't It Iron Pick]
[23May2025 00:28:35.922] [Server thread/INFO] [net.minecraft.server.MinecraftServer/]: [pablito: Teleported pablito to Jaacquie]
[23May2025 00:28:47.582] [Server thread/INFO] [net.minecraft.server.MinecraftServer/]: [pablito: Teleported Jaacquie to pablito]
[23May2025 00:29:37.576] [Server thread/INFO] [net.minecraft.server.MinecraftServer/]: pablito has made the advancement [What Was That Noise?]
[23May2025 00:32:21.684] [Server thread/INFO] [net.minecraft.server.MinecraftServer/]: [pablito: Teleported pablito to Jaacquie]
